Arguments: 
  /usr/bin/nodejs /usr/bin/yarn add @idfy/identify

PATH: 
  /usr/local/sbin:/usr/local/bin:/usr/sbin:/usr/bin:/sbin:/bin:/usr/games:/usr/local/games:/mnt/c/Windows/System32:/mnt/c/Windows:/mnt/c/Windows/System32/wbem:/mnt/c/Windows/System32/WindowsPowerShell/v1.0:/mnt/c/Program Files/nodejs:/mnt/c/Program Files (x86)/Yarn/bin:/mnt/c/Users/Alek/AppData/Local/Microsoft/WindowsApps:/mnt/c/Program Files/Microsoft VS Code/bin:/mnt/c/Users/Alek/AppData/Roaming/npm

Yarn version: 
  1.0.0

Node version: 
  8.4.0

Platform: 
  linux x64

npm manifest: 
  {
    "dependencies": {
      "@idfy/legacy": "^0.0.2",
      "@types/node": "^8.0.28",
      "axios": "0.16.2",
      "syncano-validate": "^0.5.1"
    },
    "devDependencies": {
      "eslint-config-google": "^0.9.1"
    }
  }

yarn manifest: 
  No manifest

Lockfile: 
  No lockfile

Trace: 
  Error: https://registry.yarnpkg.com/@idfy%2fidentify: Not found
      at Request.params.callback [as _callback] (/usr/lib/node_modules/yarn/lib/cli.js:60231:18)
      at Request.self.callback (/usr/lib/node_modules/yarn/lib/cli.js:117276:22)
      at emitTwo (events.js:125:13)
      at Request.emit (events.js:213:7)
      at Request.<anonymous> (/usr/lib/node_modules/yarn/lib/cli.js:118259:10)
      at emitOne (events.js:115:13)
      at Request.emit (events.js:210:7)
      at IncomingMessage.<anonymous> (/usr/lib/node_modules/yarn/lib/cli.js:118179:12)
      at Object.onceWrapper (events.js:314:30)
      at emitNone (events.js:110:20)
